nohup: ignoring input
Page requested: http://www.ynshangji.com/ (200)
Content received: 107698 bytes

Page requested: http://www.5113178.com/ (200)
Content received: 73992 bytes

Page requested: http://www.lxzq.com/ (200)
Content received: 30833 bytes

Page requested: http://www.daifu8.com/ (200)
Content received: 98026 bytes

Page requested: http://www.yaobaichuan.com/ (200)
Content received: 85007 bytes

Page requested: http://www.lpbmw.com/ (200)
Content received: 73771 bytes

Page requested: http://www.zhaoshang100.com/ (200)
Content received: 82824 bytes

Page requested: http://www.qy39.com/ (200)
Content received: 63218 bytes

Page requested: http://www.ynlp.com/ (200)
Content received: 37559 bytes

Page requested: http://www.jinnongge.com/ (200)
Content received: 46787 bytes

Page requested: http://www.hjyc.com/ (200)
Content received: 508460 bytes

Page requested: http://www.163yy.net/ (200)
Content received: 82095 bytes

Page requested: http://www.wd999.com/ (200)
Content received: 65119 bytes

Page requested: http://www.drug360.cn/ (200)
Content received: 115771 bytes

Page requested: http://www.16kang.com/ (200)
Content received: 52150 bytes

Page requested: http://www.123ypw.com/ (200)
Content received: 118697 bytes

Page requested: http://www.shaolinchanyi.com/ (200)
Content received: 25937 bytes

Page requested: http://www.baxsun.cn/ (200)
Content received: 139789 bytes

Page requested: http://www.qhmed.com/ (200)
Content received: 197948 bytes

Page requested: http://www.7dugo.com/ (200)
Content received: 118025 bytes

Page requested: http://www.qm120.com/ (200)
Content received: 101724 bytes

Page requested: http://www.tlbaby.com/ ()
Content not received

Page requested: http://www.zghyyx.com/ (200)
Content received: 110209 bytes

Page requested: http://www.307yiyuan.com/ (200)
Content received: 62817 bytes

Page requested: http://www.1778.tv/ (200)
Content received: 98403 bytes

Page requested: http://www.tihengjian.com/ (200)
Content received: 149026 bytes

Page requested: http://www.gzra.cn/ (200)
Content received: 89763 bytes

Page requested: http://www.chem960.com/ (200)
Content received: 101767 bytes

Page requested: http://www.chinadcxc.com/ (200)
Content received: 52196 bytes

Page requested: http://www.zbsjw.cn/ (200)
Content received: 10911 bytes

Page requested: http://www.35yao.com/ (200)
Content received: 70226 bytes

Page requested: http://www.thankday.com/ (200)
Content received: 8795 bytes

Page requested: http://www.91120.com/ (200)
Content received: 57496 bytes

Page requested: http://www.sdyyzs.cn/ (200)
Content received: 1393 bytes

Page requested: http://www.shbst.net/ (200)
Content received: 94474 bytes

Page requested: http://www.admin5.com/ (200)
Content received: 94064 bytes

Page requested: http://www.doctorjob.com.cn/ (200)
Content received: 101307 bytes

Page requested: http://www.okmaidan.com/ (200)
Content received: 158722 bytes

Page requested: http://www.jjlg.com.cn/ (200)
Content received: 74835 bytes

